<?xml version="1.0" encoding="UTF-8"?>
<testng-results skipped="0" failed="0" ignored="0" total="1" passed="1">
  <reporter-output>
  </reporter-output>
  <suite name="Default suite" duration-ms="9979" started-at="2019-11-19T22:03:46 IST" finished-at="2019-11-19T22:03:56 IST">
    <groups>
    </groups>
    <test name="Default test" duration-ms="9979" started-at="2019-11-19T22:03:46 IST" finished-at="2019-11-19T22:03:56 IST">
      <class name="base.Base">
        <test-method status="PASS" signature="inIt()[pri:0, instance:base.Base@1b68ddbd]" name="inIt" duration-ms="9917" started-at="2019-11-19T22:03:46 IST" finished-at="2019-11-19T22:03:56 IST">
          <reporter-output>
          </reporter-output>
        </test-method> <!-- inIt -->
      </class> <!-- base.Base -->
    </test> <!-- Default test -->
  </suite> <!-- Default suite -->
</testng-results>
